  PanTompkins.cpp
C:\Users\tonyz\Documents\HeartRateVariability\PanTompkins\PanTompkinsAlgorithm.hpp(252,9): warning C4101: 'endFilePointer': unreferenced local variable
C:\Users\tonyz\Documents\HeartRateVariability\PanTompkins\PanTompkinsAlgorithm.hpp(248,6): warning C4101: 'index': unreferenced local variable
C:\Users\tonyz\Documents\HeartRateVariability\PanTompkins\PanTompkinsAlgorithm.hpp(488,31): warning C4018: '<=': signed/unsigned mismatch
C:\Users\tonyz\Documents\HeartRateVariability\PanTompkins\PanTompkinsAlgorithm.hpp(490,32): warning C4244: '=': conversion from 'double' to 'unsigned long', possible loss of data
C:\Users\tonyz\Documents\HeartRateVariability\PanTompkins\PanTompkinsAlgorithm.hpp(515,31): warning C4018: '<=': signed/unsigned mismatch
C:\Users\tonyz\Documents\HeartRateVariability\PanTompkins\PanTompkinsAlgorithm.hpp(517,32): warning C4244: '=': conversion from 'double' to 'unsigned long', possible loss of data
C:\Users\tonyz\Documents\HeartRateVariability\PanTompkins\PanTompkinsAlgorithm.hpp(545,27): warning C4244: 'argument': conversion from 'double' to 'int', possible loss of data
C:\Users\tonyz\Documents\HeartRateVariability\PanTompkins\PanTompkinsAlgorithm.hpp(564,19): warning C4244: '*=': conversion from 'double' to 'int', possible loss of data
C:\Users\tonyz\Documents\HeartRateVariability\PanTompkins\PanTompkinsAlgorithm.hpp(578,20): warning C4244: '*=': conversion from 'double' to 'int', possible loss of data
C:\Users\tonyz\Documents\HeartRateVariability\PanTompkins\PanTompkinsAlgorithm.hpp(579,18): warning C4244: '=': conversion from 'double' to 'int', possible loss of data
C:\Users\tonyz\Documents\HeartRateVariability\PanTompkins\PanTompkinsAlgorithm.hpp(580,19): warning C4244: '=': conversion from 'double' to 'int', possible loss of data
C:\Users\tonyz\Documents\HeartRateVariability\PanTompkins\PanTompkinsAlgorithm.hpp(581,19): warning C4244: '=': conversion from 'double' to 'int', possible loss of data
C:\Users\tonyz\Documents\HeartRateVariability\PanTompkins\PanTompkinsAlgorithm.hpp(614,33): warning C4244: '=': conversion from 'double' to 'unsigned long', possible loss of data
C:\Users\tonyz\Documents\HeartRateVariability\PanTompkins\PanTompkinsAlgorithm.hpp(644,23): warning C4244: '*=': conversion from 'double' to 'int', possible loss of data
C:\Users\tonyz\Documents\HeartRateVariability\PanTompkins\PanTompkinsAlgorithm.hpp(657,24): warning C4244: '*=': conversion from 'double' to 'int', possible loss of data
C:\Users\tonyz\Documents\HeartRateVariability\PanTompkins\PanTompkinsAlgorithm.hpp(658,22): warning C4244: '=': conversion from 'double' to 'int', possible loss of data
C:\Users\tonyz\Documents\HeartRateVariability\PanTompkins\PanTompkinsAlgorithm.hpp(659,23): warning C4244: '=': conversion from 'double' to 'int', possible loss of data
C:\Users\tonyz\Documents\HeartRateVariability\PanTompkins\PanTompkinsAlgorithm.hpp(660,23): warning C4244: '=': conversion from 'double' to 'int', possible loss of data
C:\Users\tonyz\Documents\HeartRateVariability\PanTompkins\PanTompkinsAlgorithm.hpp(688,28): warning C4244: 'argument': conversion from 'double' to 'int', possible loss of data
C:\Users\tonyz\Documents\HeartRateVariability\PanTompkins\PanTompkinsAlgorithm.hpp(719,25): warning C4244: 'argument': conversion from 'double' to 'int', possible loss of data
C:\Users\tonyz\Documents\HeartRateVariability\PanTompkins\PanTompkinsAlgorithm.hpp(724,24): warning C4244: 'argument': conversion from 'double' to 'int', possible loss of data
  Generating code
C:\Users\tonyz\Documents\HeartRateVariability\PanTompkins\PanTompkinsCleanOnly.hpp(61): warning C4715: 'CleanSignals': not all control paths return a value
  23 of 180 functions (12.8%) were compiled, the rest were copied from previous compilation.
    10 functions were new in current compilation
    15 functions had inline decision re-evaluated but remain unchanged
  Finished generating code
  PanTompkins.vcxproj -> C:\Users\tonyz\Documents\HeartRateVariability\PanTompkins\Release\PanTompkins.exe
